...found 9 targets...
...updating 4 targets...
common.mkdir libs/config/checks/architecture/bin
common.mkdir libs/config/checks/architecture/bin/gcc-4.8.5
common.mkdir libs/config/checks/architecture/bin/gcc-4.8.5/debug
gcc.compile.c++ libs/config/checks/architecture/bin/gcc-4.8.5/debug/32.o
libs/config/checks/architecture/32.cpp:9:36: 错误：数组‘test’的大小为负
 int test[sizeof(void*) == 4? 1 : -1];
                                    ^

    "g++"   -O0 -fno-inline -Wall -g -fPIC     -c -o "libs/config/checks/architecture/bin/gcc-4.8.5/debug/32.o" "libs/config/checks/architecture/32.cpp"

...failed gcc.compile.c++ libs/config/checks/architecture/bin/gcc-4.8.5/debug/32.o...
...failed updating 1 target...
...updated 3 targets...
...found 2 targets...
...updating 1 target...
gcc.compile.c++ libs/config/checks/architecture/bin/gcc-4.8.5/debug/64.o
...updated 1 target...
...found 2 targets...
...updating 1 target...
gcc.compile.c++ libs/config/checks/architecture/bin/gcc-4.8.5/debug/arm.o
libs/config/checks/architecture/arm.cpp:13:2: 错误：#error "Not ARM"
 #error "Not ARM"
  ^

    "g++"   -O0 -fno-inline -Wall -g -fPIC     -c -o "libs/config/checks/architecture/bin/gcc-4.8.5/debug/arm.o" "libs/config/checks/architecture/arm.cpp"

...failed gcc.compile.c++ libs/config/checks/architecture/bin/gcc-4.8.5/debug/arm.o...
...failed updating 1 target...
...found 2 targets...
...updating 1 target...
gcc.compile.c++ libs/config/checks/architecture/bin/gcc-4.8.5/debug/mips1.o
libs/config/checks/architecture/mips1.cpp:10:2: 错误：#error "Not MIPS1"
 #error "Not MIPS1"
  ^

    "g++"   -O0 -fno-inline -Wall -g -fPIC     -c -o "libs/config/checks/architecture/bin/gcc-4.8.5/debug/mips1.o" "libs/config/checks/architecture/mips1.cpp"

...failed gcc.compile.c++ libs/config/checks/architecture/bin/gcc-4.8.5/debug/mips1.o...
...failed updating 1 target...
...found 2 targets...
...updating 1 target...
gcc.compile.c++ libs/config/checks/architecture/bin/gcc-4.8.5/debug/power.o
libs/config/checks/architecture/power.cpp:13:2: 错误：#error "Not PPC"
 #error "Not PPC"
  ^

    "g++"   -O0 -fno-inline -Wall -g -fPIC     -c -o "libs/config/checks/architecture/bin/gcc-4.8.5/debug/power.o" "libs/config/checks/architecture/power.cpp"

...failed gcc.compile.c++ libs/config/checks/architecture/bin/gcc-4.8.5/debug/power.o...
...failed updating 1 target...
...found 2 targets...
...updating 1 target...
gcc.compile.c++ libs/config/checks/architecture/bin/gcc-4.8.5/debug/sparc.o
libs/config/checks/architecture/sparc.cpp:10:2: 错误：#error "Not SPARC"
 #error "Not SPARC"
  ^

    "g++"   -O0 -fno-inline -Wall -g -fPIC     -c -o "libs/config/checks/architecture/bin/gcc-4.8.5/debug/sparc.o" "libs/config/checks/architecture/sparc.cpp"

...failed gcc.compile.c++ libs/config/checks/architecture/bin/gcc-4.8.5/debug/sparc.o...
...failed updating 1 target...
...found 2 targets...
...updating 1 target...
gcc.compile.c++ libs/config/checks/architecture/bin/gcc-4.8.5/debug/x86.o
...updated 1 target...
...found 3 targets...
...updating 3 targets...
common.mkdir bin.v2
link.touch bin.v2/test-symlink-source
link.mklink bin.v2/test-symlink
...updated 3 targets...
...patience...
...found 236 targets...
...updating 15 targets...
common.mkdir bin.v2/libs
common.mkdir bin.v2/libs/thread
common.mkdir bin.v2/libs/thread/build
common.mkdir bin.v2/libs/thread/build/gcc-4.8.5
common.mkdir bin.v2/libs/thread/build/gcc-4.8.5/debug
common.mkdir bin.v2/libs/thread/build/gcc-4.8.5/debug/threading-multi
gcc.compile.c++ bin.v2/libs/thread/build/gcc-4.8.5/debug/threading-multi/has_atomic_flag_lockfree_test.o
common.mkdir bin.v2/libs/system
common.mkdir bin.v2/libs/system/build
common.mkdir bin.v2/libs/system/build/gcc-4.8.5
common.mkdir bin.v2/libs/system/build/gcc-4.8.5/debug
common.mkdir bin.v2/libs/system/build/gcc-4.8.5/debug/threading-multi
gcc.compile.c++ bin.v2/libs/system/build/gcc-4.8.5/debug/threading-multi/error_code.o
gcc.link.dll bin.v2/libs/system/build/gcc-4.8.5/debug/threading-multi/libboost_system.so.1.65.0
gcc.link bin.v2/libs/thread/build/gcc-4.8.5/debug/threading-multi/has_atomic_flag_lockfree
...updated 15 targets...
...found 1 target...
...updating 1 target...
config-cache.write bin.v2/project-cache.jam
...updated 1 target...
